2020-04-18 11:13:31,874 ERROR 17208 [-/::1/-/20ms GET /] nodejs.Error: Please set config.keys first
    at Application.get keys [as keys] (C:\Users\EDZ\Work\React-Components\node_modules\egg\lib\application.js:266:15)
    at Object.get cookies [as cookies] (C:\Users\EDZ\Work\React-Components\node_modules\egg\app\extend\context.js:22:66)
    at Object.get [egg-security#CSRF_SECRET] (C:\Users\EDZ\Work\React-Components\node_modules\egg-security\app\extend\context.js:91:35)
    at Object.ensureCsrfSecret (C:\Users\EDZ\Work\React-Components\node_modules\egg-security\app\extend\context.js:104:13)
    at csrf (C:\Users\EDZ\Work\React-Components\node_modules\egg-security\lib\middlewares\csrf.js:15:11)
    at dispatch (C:\Users\EDZ\Work\React-Components\node_modules\egg-security\node_modules\koa-compose\index.js:42:32)
    at C:\Users\EDZ\Work\React-Components\node_modules\egg-security\node_modules\koa-compose\index.js:34:12
    at dispatch (C:\Users\EDZ\Work\React-Components\node_modules\koa\node_modules\koa-compose\index.js:42:32)
    at session (C:\Users\EDZ\Work\React-Components\node_modules\koa-session\index.js:41:13)
    at dispatch (C:\Users\EDZ\Work\React-Components\node_modules\koa\node_modules\koa-compose\index.js:42:32)

pid: 17208
hostname: LAPTOP-RF844FBF

2020-11-18 17:18:17,937 ERROR 10585 nodejs.ClusterClientNoResponseError: client no response in 700955ms exceeding maxIdleTime 60000ms, maybe the connection is close on other side.
    at Timeout._onTimeout (/Users/lmy/study/React-Components/node_modules/cluster-client/lib/leader.js:77:23)
    at listOnTimeout (internal/timers.js:549:17)
    at processTimers (internal/timers.js:492:7)
name: "ClusterClientNoResponseError"
pid: 10585
hostname: lmydeMacBook-Pro.local

