2020-04-18 11:13:08,048 INFO 17208 [egg:logger] init all loggers with options: {"dir":"C:\\Users\\EDZ\\Work\\React-Components\\logs\\react-components","encoding":"utf8","env":"local","level":"INFO","consoleLevel":"INFO","disableConsoleAfterReady":false,"outputJSON":false,"buffer":true,"appLogName":"react-components-web.log","coreLogName":"egg-web.log","agentLogName":"egg-agent.log","errorLogName":"common-error.log","coreLogger":{"consoleLevel":"WARN"},"allowDebugAtProd":false,"type":"application"}
2020-04-18 11:13:08,076 INFO 17208 [egg-multipart] stream mode enable
2020-04-18 11:13:08,137 INFO 17208 [egg-static] starting static serve /public/ -> C:\Users\EDZ\Work\React-Components\app\public
2020-04-18 11:13:08,140 INFO 17208 [egg-security] use csrf middleware
2020-04-18 11:13:08,142 INFO 17208 [egg-security] use methodnoallow middleware
2020-04-18 11:13:08,143 INFO 17208 [egg-security] use noopen middleware
2020-04-18 11:13:08,144 INFO 17208 [egg-security] use nosniff middleware
2020-04-18 11:13:08,144 INFO 17208 [egg-security] use xssProtection middleware
2020-04-18 11:13:08,145 INFO 17208 [egg-security] use xframe middleware
2020-04-18 11:13:08,145 INFO 17208 [egg-security] use dta middleware
2020-04-18 11:13:08,145 INFO 17208 [egg-security] compose 7 middlewares into one security middleware
2020-04-18 11:13:08,153 INFO 17208 [egg:core] dump config after load, 4ms
2020-04-18 11:13:08,167 INFO 17208 [egg-watcher:application] watcher start success
2020-04-18 11:13:08,174 INFO 17208 [egg:core] dump config after ready, 5ms
2020-04-18 11:14:52,761 INFO 49880 [egg:logger] init all loggers with options: {"dir":"C:\\Users\\EDZ\\Work\\React-Components\\logs\\react-components","encoding":"utf8","env":"local","level":"INFO","consoleLevel":"INFO","disableConsoleAfterReady":false,"outputJSON":false,"buffer":true,"appLogName":"react-components-web.log","coreLogName":"egg-web.log","agentLogName":"egg-agent.log","errorLogName":"common-error.log","coreLogger":{"consoleLevel":"WARN"},"allowDebugAtProd":false,"type":"application"}
2020-04-18 11:14:52,793 INFO 49880 [egg-multipart] stream mode enable
2020-04-18 11:14:52,857 INFO 49880 [egg-static] starting static serve /public/ -> C:\Users\EDZ\Work\React-Components\app\public
2020-04-18 11:14:52,859 INFO 49880 [egg-security] use csrf middleware
2020-04-18 11:14:52,860 INFO 49880 [egg-security] use methodnoallow middleware
2020-04-18 11:14:52,861 INFO 49880 [egg-security] use noopen middleware
2020-04-18 11:14:52,861 INFO 49880 [egg-security] use nosniff middleware
2020-04-18 11:14:52,862 INFO 49880 [egg-security] use xssProtection middleware
2020-04-18 11:14:52,862 INFO 49880 [egg-security] use xframe middleware
2020-04-18 11:14:52,863 INFO 49880 [egg-security] use dta middleware
2020-04-18 11:14:52,863 INFO 49880 [egg-security] compose 7 middlewares into one security middleware
2020-04-18 11:14:52,871 INFO 49880 [egg:core] dump config after load, 5ms
2020-04-18 11:14:52,881 INFO 49880 [egg-watcher:application] watcher start success
2020-04-18 11:14:52,888 INFO 49880 [egg:core] dump config after ready, 5ms
