2020-04-18 11:13:08,184 INFO 35272 [Timer] C:\Users\EDZ\Work\React-Components\node_modules\egg-multipart\app\schedule\clean_tmpdir.js next time will execute after 62211821ms at 2020-04-19 04:30:00.005
2020-04-18 11:13:08,185 INFO 35272 [Timer] C:\Users\EDZ\Work\React-Components\node_modules\egg-logrotator\app\schedule\clean_log.js next time will execute after 46011816ms at 2020-04-19 00:00:00.001
2020-04-18 11:13:08,186 INFO 35272 [Timer] C:\Users\EDZ\Work\React-Components\node_modules\egg-logrotator\app\schedule\rotate_by_file.js next time will execute after 46012815ms at 2020-04-19 00:00:01.001
2020-04-18 11:13:08,075 INFO 17208 [egg-schedule]: register schedule C:\Users\EDZ\Work\React-Components\node_modules\egg-multipart\app\schedule\clean_tmpdir.js
2020-04-18 11:13:08,075 INFO 17208 [egg-schedule]: register schedule C:\Users\EDZ\Work\React-Components\node_modules\egg-logrotator\app\schedule\clean_log.js
2020-04-18 11:13:08,075 INFO 17208 [egg-schedule]: register schedule C:\Users\EDZ\Work\React-Components\node_modules\egg-logrotator\app\schedule\rotate_by_file.js
2020-04-18 11:14:52,793 INFO 49880 [egg-schedule]: register schedule C:\Users\EDZ\Work\React-Components\node_modules\egg-multipart\app\schedule\clean_tmpdir.js
2020-04-18 11:14:52,793 INFO 49880 [egg-schedule]: register schedule C:\Users\EDZ\Work\React-Components\node_modules\egg-logrotator\app\schedule\clean_log.js
2020-04-18 11:14:52,793 INFO 49880 [egg-schedule]: register schedule C:\Users\EDZ\Work\React-Components\node_modules\egg-logrotator\app\schedule\rotate_by_file.js
2020-04-18 13:44:17,582 INFO 49696 [egg-schedule]: register schedule C:\Users\EDZ\Work\React-Components\node_modules\egg-multipart\app\schedule\clean_tmpdir.js
2020-04-18 13:44:17,582 INFO 49696 [egg-schedule]: register schedule C:\Users\EDZ\Work\React-Components\node_modules\egg-logrotator\app\schedule\clean_log.js
2020-04-18 13:44:17,582 INFO 49696 [egg-schedule]: register schedule C:\Users\EDZ\Work\React-Components\node_modules\egg-logrotator\app\schedule\rotate_by_file.js
2020-04-18 13:50:50,068 INFO 42792 [Timer] C:\Users\EDZ\Work\React-Components\node_modules\egg-multipart\app\schedule\clean_tmpdir.js next time will execute after 52749936ms at 2020-04-19 04:30:00.003
2020-04-18 13:50:50,068 INFO 42792 [Timer] C:\Users\EDZ\Work\React-Components\node_modules\egg-logrotator\app\schedule\clean_log.js next time will execute after 36549932ms at 2020-04-19 00:00:00.000
2020-04-18 13:50:50,068 INFO 42792 [Timer] C:\Users\EDZ\Work\React-Components\node_modules\egg-logrotator\app\schedule\rotate_by_file.js next time will execute after 36550932ms at 2020-04-19 00:00:01.000
2020-04-18 13:50:49,967 INFO 17232 [egg-schedule]: register schedule C:\Users\EDZ\Work\React-Components\node_modules\egg-multipart\app\schedule\clean_tmpdir.js
2020-04-18 13:50:49,967 INFO 17232 [egg-schedule]: register schedule C:\Users\EDZ\Work\React-Components\node_modules\egg-logrotator\app\schedule\clean_log.js
2020-04-18 13:50:49,967 INFO 17232 [egg-schedule]: register schedule C:\Users\EDZ\Work\React-Components\node_modules\egg-logrotator\app\schedule\rotate_by_file.js
2020-04-18 13:51:01,210 INFO 42776 [egg-schedule]: register schedule C:\Users\EDZ\Work\React-Components\node_modules\egg-multipart\app\schedule\clean_tmpdir.js
2020-04-18 13:51:01,210 INFO 42776 [egg-schedule]: register schedule C:\Users\EDZ\Work\React-Components\node_modules\egg-logrotator\app\schedule\clean_log.js
2020-04-18 13:51:01,211 INFO 42776 [egg-schedule]: register schedule C:\Users\EDZ\Work\React-Components\node_modules\egg-logrotator\app\schedule\rotate_by_file.js
2020-04-18 16:13:25,619 INFO 28232 [egg-schedule]: register schedule C:\Users\EDZ\Work\React-Components\node_modules\egg-multipart\app\schedule\clean_tmpdir.js
2020-04-18 16:13:25,619 INFO 28232 [egg-schedule]: register schedule C:\Users\EDZ\Work\React-Components\node_modules\egg-logrotator\app\schedule\clean_log.js
2020-04-18 16:13:25,619 INFO 28232 [egg-schedule]: register schedule C:\Users\EDZ\Work\React-Components\node_modules\egg-logrotator\app\schedule\rotate_by_file.js
2020-04-18 16:16:26,734 INFO 41360 [egg-schedule]: register schedule C:\Users\EDZ\Work\React-Components\node_modules\egg-multipart\app\schedule\clean_tmpdir.js
2020-04-18 16:16:26,734 INFO 41360 [egg-schedule]: register schedule C:\Users\EDZ\Work\React-Components\node_modules\egg-logrotator\app\schedule\clean_log.js
2020-04-18 16:16:26,734 INFO 41360 [egg-schedule]: register schedule C:\Users\EDZ\Work\React-Components\node_modules\egg-logrotator\app\schedule\rotate_by_file.js
2020-04-20 10:07:02,218 INFO 51016 [Timer] C:\Users\EDZ\Work\React-Components\node_modules\egg-multipart\app\schedule\clean_tmpdir.js next time will execute after 66177791ms at 2020-04-21 04:30:00.009
2020-04-20 10:07:02,218 INFO 51016 [Timer] C:\Users\EDZ\Work\React-Components\node_modules\egg-logrotator\app\schedule\clean_log.js next time will execute after 49977782ms at 2020-04-21 00:00:00.000
2020-04-20 10:07:02,219 INFO 51016 [Timer] C:\Users\EDZ\Work\React-Components\node_modules\egg-logrotator\app\schedule\rotate_by_file.js next time will execute after 49978781ms at 2020-04-21 00:00:01.000
2020-04-20 10:07:01,950 INFO 54748 [egg-schedule]: register schedule C:\Users\EDZ\Work\React-Components\node_modules\egg-multipart\app\schedule\clean_tmpdir.js
2020-04-20 10:07:01,950 INFO 54748 [egg-schedule]: register schedule C:\Users\EDZ\Work\React-Components\node_modules\egg-logrotator\app\schedule\clean_log.js
2020-04-20 10:07:01,950 INFO 54748 [egg-schedule]: register schedule C:\Users\EDZ\Work\React-Components\node_modules\egg-logrotator\app\schedule\rotate_by_file.js
2020-11-18 15:41:33,231 INFO 10433 [Timer] /Users/lmy/study/React-Components/node_modules/egg-multipart/app/schedule/clean_tmpdir.js next time will execute after 46106772ms at 2020-11-19 04:30:00.003
2020-11-18 15:41:33,231 INFO 10433 [Timer] /Users/lmy/study/React-Components/node_modules/egg-logrotator/app/schedule/clean_log.js next time will execute after 29906769ms at 2020-11-19 00:00:00.000
2020-11-18 15:41:33,232 INFO 10433 [Timer] /Users/lmy/study/React-Components/node_modules/egg-logrotator/app/schedule/rotate_by_file.js next time will execute after 29907769ms at 2020-11-19 00:00:01.001
2020-11-18 15:41:33,140 INFO 10437 [egg-schedule]: register schedule /Users/lmy/study/React-Components/node_modules/egg-multipart/app/schedule/clean_tmpdir.js
2020-11-18 15:41:33,140 INFO 10437 [egg-schedule]: register schedule /Users/lmy/study/React-Components/node_modules/egg-logrotator/app/schedule/clean_log.js
2020-11-18 15:41:33,140 INFO 10437 [egg-schedule]: register schedule /Users/lmy/study/React-Components/node_modules/egg-logrotator/app/schedule/rotate_by_file.js
2020-11-18 15:44:36,169 INFO 10585 [Timer] /Users/lmy/study/React-Components/node_modules/egg-multipart/app/schedule/clean_tmpdir.js next time will execute after 45923832ms at 2020-11-19 04:30:00.001
2020-11-18 15:44:36,170 INFO 10585 [Timer] /Users/lmy/study/React-Components/node_modules/egg-logrotator/app/schedule/clean_log.js next time will execute after 29723831ms at 2020-11-19 00:00:00.001
2020-11-18 15:44:36,170 INFO 10585 [Timer] /Users/lmy/study/React-Components/node_modules/egg-logrotator/app/schedule/rotate_by_file.js next time will execute after 29724830ms at 2020-11-19 00:00:01.000
2020-11-18 15:44:36,088 INFO 10589 [egg-schedule]: register schedule /Users/lmy/study/React-Components/node_modules/egg-multipart/app/schedule/clean_tmpdir.js
2020-11-18 15:44:36,088 INFO 10589 [egg-schedule]: register schedule /Users/lmy/study/React-Components/node_modules/egg-logrotator/app/schedule/clean_log.js
2020-11-18 15:44:36,088 INFO 10589 [egg-schedule]: register schedule /Users/lmy/study/React-Components/node_modules/egg-logrotator/app/schedule/rotate_by_file.js
